Symlinking /home/laboratorio/ros_workspace/devel/share/common-lisp/ros/mi_robot_pkg/msg/_package_HandData.lisp
Symlinking /home/laboratorio/ros_workspace/devel/share/common-lisp/ros/mi_robot_pkg/msg/HandData.lisp
Symlinking /home/laboratorio/ros_workspace/devel/share/common-lisp/ros/mi_robot_pkg/msg/_package.lisp
Symlinking /home/laboratorio/ros_workspace/devel/share/common-lisp/ros/mi_robot_pkg/msg/mi_robot_pkg-msg.asd
Symlinking /home/laboratorio/ros_workspace/devel/share/roseus/ros/mi_robot_pkg/manifest.l
Symlinking /home/laboratorio/ros_workspace/devel/share/roseus/ros/mi_robot_pkg/msg/HandData.l
Symlinking /home/laboratorio/ros_workspace/devel/share/paquete_practa1/cmake/paquete_practa1-msg-paths.cmake
Symlinking /home/laboratorio/ros_workspace/devel/share/mi_robot_pkg/cmake/mi_robot_pkgConfig-version.cmake
Symlinking /home/laboratorio/ros_workspace/devel/share/mi_robot_pkg/cmake/mi_robot_pkgConfig.cmake
Symlinking /home/laboratorio/ros_workspace/devel/share/mi_robot_pkg/cmake/mi_robot_pkg-msg-paths.cmake
Symlinking /home/laboratorio/ros_workspace/devel/share/mi_robot_pkg/cmake/mi_robot_pkg-msg-extras.cmake
Symlinking /home/laboratorio/ros_workspace/devel/share/gennodejs/ros/mi_robot_pkg/_index.js
Symlinking /home/laboratorio/ros_workspace/devel/share/gennodejs/ros/mi_robot_pkg/msg/_index.js
Symlinking /home/laboratorio/ros_workspace/devel/share/gennodejs/ros/mi_robot_pkg/msg/HandData.js
Symlinking /home/laboratorio/ros_workspace/devel/lib/pkgconfig/mi_robot_pkg.pc
Symlinking /home/laboratorio/ros_workspace/devel/lib/python3/dist-packages/paquete_practa1/__init__.py
Symlinking /home/laboratorio/ros_workspace/devel/lib/python3/dist-packages/mi_robot_pkg/__init__.py
Symlinking /home/laboratorio/ros_workspace/devel/lib/python3/dist-packages/mi_robot_pkg/msg/__init__.py
Symlinking /home/laboratorio/ros_workspace/devel/lib/python3/dist-packages/mi_robot_pkg/msg/_HandData.py
Symlinking /home/laboratorio/ros_workspace/devel/include/mi_robot_pkg/HandData.h
